2023-03-19 10:47:42 0 [Note] InnoDB: Mutexes and rw_locks use Windows interlocked functions
2023-03-19 10:47:42 0 [Note] InnoDB: Uses event mutexes
2023-03-19 10:47:42 0 [Note] InnoDB: Compressed tables use zlib 1.2.12
2023-03-19 10:47:42 0 [Note] InnoDB: Number of pools: 1
2023-03-19 10:47:42 0 [Note] InnoDB: Using SSE2 crc32 instructions
2023-03-19 10:47:42 0 [Note] InnoDB: Initializing buffer pool, total size = 16M, instances = 1, chunk size = 16M
2023-03-19 10:47:42 0 [Note] InnoDB: Completed initialization of buffer pool
2023-03-19 10:47:42 0 [Note] InnoDB: Starting crash recovery from checkpoint LSN=300288
2023-03-19 10:47:42 0 [Note] InnoDB: 128 out of 128 rollback segments are active.
2023-03-19 10:47:42 0 [Note] InnoDB: Removed temporary tablespace data file: "ibtmp1"
2023-03-19 10:47:42 0 [Note] InnoDB: Creating shared tablespace for temporary tables
2023-03-19 10:47:42 0 [Note] InnoDB: Setting file 'C:\xampp1\mysql\data\ibtmp1' size to 12 MB. Physically writing the file full; Please wait ...
2023-03-19 10:47:42 0 [Note] InnoDB: File 'C:\xampp1\mysql\data\ibtmp1' size is now 12 MB.
2023-03-19 10:47:42 0 [Note] InnoDB: Waiting for purge to start
2023-03-19 10:47:42 0 [Note] InnoDB: 10.4.27 started; log sequence number 300297; transaction id 170
2023-03-19 10:47:42 0 [Note] InnoDB: Loading buffer pool(s) from C:\xampp1\mysql\data\ib_buffer_pool
2023-03-19 10:47:42 0 [Note] Plugin 'FEEDBACK' is disabled.
2023-03-19 10:47:42 0 [Note] Server socket created on IP: '::'.
2023-03-20  8:02:26 0 [Note] InnoDB: Mutexes and rw_locks use Windows interlocked functions
2023-03-20  8:02:26 0 [Note] InnoDB: Uses event mutexes
2023-03-20  8:02:26 0 [Note] InnoDB: Compressed tables use zlib 1.2.12
2023-03-20  8:02:26 0 [Note] InnoDB: Number of pools: 1
2023-03-20  8:02:26 0 [Note] InnoDB: Using SSE2 crc32 instructions
2023-03-20  8:02:26 0 [Note] InnoDB: Initializing buffer pool, total size = 16M, instances = 1, chunk size = 16M
2023-03-20  8:02:26 0 [Note] InnoDB: Completed initialization of buffer pool
2023-03-20  8:02:26 0 [Note] InnoDB: Starting crash recovery from checkpoint LSN=300638
2023-03-20  8:02:26 0 [Note] InnoDB: 128 out of 128 rollback segments are active.
2023-03-20  8:02:26 0 [Note] InnoDB: Removed temporary tablespace data file: "ibtmp1"
2023-03-20  8:02:26 0 [Note] InnoDB: Creating shared tablespace for temporary tables
2023-03-20  8:02:26 0 [Note] InnoDB: Setting file 'C:\xampp1\mysql\data\ibtmp1' size to 12 MB. Physically writing the file full; Please wait ...
2023-03-20  8:02:26 0 [Note] InnoDB: File 'C:\xampp1\mysql\data\ibtmp1' size is now 12 MB.
2023-03-20  8:02:26 0 [Note] InnoDB: Waiting for purge to start
2023-03-20  8:02:26 0 [Note] InnoDB: 10.4.27 started; log sequence number 300647; transaction id 193
2023-03-20  8:02:26 0 [Note] InnoDB: Loading buffer pool(s) from C:\xampp1\mysql\data\ib_buffer_pool
2023-03-20  8:02:26 0 [Note] Plugin 'FEEDBACK' is disabled.
2023-03-20  8:02:26 0 [Note] InnoDB: Buffer pool(s) load completed at 230320  8:02:26
2023-03-20  8:02:26 0 [Note] Server socket created on IP: '::'.
2023-03-22  8:56:16 0 [Note] InnoDB: Mutexes and rw_locks use Windows interlocked functions
2023-03-22  8:56:16 0 [Note] InnoDB: Uses event mutexes
2023-03-22  8:56:16 0 [Note] InnoDB: Compressed tables use zlib 1.2.12
2023-03-22  8:56:16 0 [Note] InnoDB: Number of pools: 1
2023-03-22  8:56:16 0 [Note] InnoDB: Using SSE2 crc32 instructions
2023-03-22  8:56:16 0 [Note] InnoDB: Initializing buffer pool, total size = 16M, instances = 1, chunk size = 16M
2023-03-22  8:56:16 0 [Note] InnoDB: Completed initialization of buffer pool
2023-03-22  8:56:16 0 [Note] InnoDB: Starting crash recovery from checkpoint LSN=300973
2023-03-22  8:56:16 0 [Note] InnoDB: 128 out of 128 rollback segments are active.
2023-03-22  8:56:16 0 [Note] InnoDB: Removed temporary tablespace data file: "ibtmp1"
2023-03-22  8:56:16 0 [Note] InnoDB: Creating shared tablespace for temporary tables
2023-03-22  8:56:16 0 [Note] InnoDB: Setting file 'C:\xampp1\mysql\data\ibtmp1' size to 12 MB. Physically writing the file full; Please wait ...
2023-03-22  8:56:16 0 [Note] InnoDB: File 'C:\xampp1\mysql\data\ibtmp1' size is now 12 MB.
2023-03-22  8:56:16 0 [Note] InnoDB: Waiting for purge to start
2023-03-22  8:56:16 0 [Note] InnoDB: 10.4.27 started; log sequence number 300982; transaction id 216
2023-03-22  8:56:16 0 [Note] InnoDB: Loading buffer pool(s) from C:\xampp1\mysql\data\ib_buffer_pool
2023-03-22  8:56:16 0 [Note] Plugin 'FEEDBACK' is disabled.
2023-03-22  8:56:16 0 [Note] InnoDB: Buffer pool(s) load completed at 230322  8:56:16
2023-03-22  8:56:16 0 [Note] Server socket created on IP: '::'.
2023-03-23  5:05:09 0 [Note] InnoDB: Mutexes and rw_locks use Windows interlocked functions
2023-03-23  5:05:09 0 [Note] InnoDB: Uses event mutexes
2023-03-23  5:05:09 0 [Note] InnoDB: Compressed tables use zlib 1.2.12
2023-03-23  5:05:09 0 [Note] InnoDB: Number of pools: 1
2023-03-23  5:05:09 0 [Note] InnoDB: Using SSE2 crc32 instructions
2023-03-23  5:05:09 0 [Note] InnoDB: Initializing buffer pool, total size = 16M, instances = 1, chunk size = 16M
2023-03-23  5:05:09 0 [Note] InnoDB: Completed initialization of buffer pool
2023-03-23  5:05:09 0 [Note] InnoDB: Starting crash recovery from checkpoint LSN=300991
2023-03-23  5:05:09 0 [Note] InnoDB: 128 out of 128 rollback segments are active.
2023-03-23  5:05:09 0 [Note] InnoDB: Removed temporary tablespace data file: "ibtmp1"
2023-03-23  5:05:09 0 [Note] InnoDB: Creating shared tablespace for temporary tables
2023-03-23  5:05:09 0 [Note] InnoDB: Setting file 'C:\xampp1\mysql\data\ibtmp1' size to 12 MB. Physically writing the file full; Please wait ...
2023-03-23  5:05:09 0 [Note] InnoDB: File 'C:\xampp1\mysql\data\ibtmp1' size is now 12 MB.
2023-03-23  5:05:09 0 [Note] InnoDB: Waiting for purge to start
2023-03-23  5:05:10 0 [Note] InnoDB: 10.4.27 started; log sequence number 301000; transaction id 216
2023-03-23  5:05:10 0 [Note] InnoDB: Loading buffer pool(s) from C:\xampp1\mysql\data\ib_buffer_pool
2023-03-23  5:05:10 0 [Note] Plugin 'FEEDBACK' is disabled.
2023-03-23  5:05:10 0 [Note] InnoDB: Buffer pool(s) load completed at 230323  5:05:10
2023-03-23  5:05:10 0 [Note] Server socket created on IP: '::'.
